<?xml version="1.0" encoding="UTF-8"?>
<!-- Generated by org.testng.reporters.JUnitReportReporter -->
<testsuite hostname="MyLenevo1208" failures="0" tests="1" name="com.orangehrm.test.LoginPageTest" time="37.297" errors="0" timestamp="2025-10-05T02:00:13 IST" skipped="0">
  <testcase classname="com.orangehrm.test.LoginPageTest" name="verifyInvalidLogin" time="37.297"/>
  <system-out/>
</testsuite> <!-- com.orangehrm.test.LoginPageTest -->
