<?xml version="1.0" encoding="UTF-8"?>
<!-- Generated by org.testng.reporters.JUnitReportReporter -->
<testsuite hostname="MyLenevo1208" failures="0" tests="2" name="com.orangehrm.test.DummyTest" time="18.830" errors="0" timestamp="2025-10-03T20:23:57 IST" skipped="0">
  <testcase classname="com.orangehrm.test.DummyTest" name="dummyTest" time="9.933"/>
  <system-out/>
  <testcase classname="com.orangehrm.test.DummyTest" name="dummyTest" time="8.897"/>
  <system-out/>
</testsuite> <!-- com.orangehrm.test.DummyTest -->
