<?xml version="1.0" encoding="UTF-8"?>
<!-- Generated by org.testng.reporters.JUnitReportReporter -->
<testsuite hostname="MyLenevo1208" failures="0" tests="1" name="com.orangehrm.test.HomePageTest" time="71.249" errors="0" timestamp="2025-10-05T02:07:14 IST" skipped="0">
  <testcase classname="com.orangehrm.test.HomePageTest" name="verifyOrangeHRMLogo" time="71.249"/>
  <system-out/>
</testsuite> <!-- com.orangehrm.test.HomePageTest -->
