<?xml version="1.0" encoding="UTF-8"?>
<!-- Generated by org.testng.reporters.JUnitReportReporter -->
<testsuite hostname="MyLenevo1208" failures="0" tests="1" name="com.orangehrm.test.DummyTest2" time="42.831" errors="0" timestamp="2025-10-05T01:28:10 IST" skipped="0">
  <testcase classname="com.orangehrm.test.DummyTest2" name="dummyTest2" time="42.831"/>
  <system-out/>
</testsuite> <!-- com.orangehrm.test.DummyTest2 -->
