<?xml version="1.0" encoding="UTF-8"?>
<!-- Generated by org.testng.reporters.JUnitReportReporter -->
<testsuite hostname="MyLenevo1208" failures="0" tests="2" name="com.orangehrm.test.DummyTest2" time="23.716" errors="0" timestamp="2025-10-03T20:23:57 IST" skipped="0">
  <testcase classname="com.orangehrm.test.DummyTest2" name="dummyTest2" time="12.053"/>
  <system-out/>
  <testcase classname="com.orangehrm.test.DummyTest2" name="dummyTest2" time="11.663"/>
  <system-out/>
</testsuite> <!-- com.orangehrm.test.DummyTest2 -->
